07:54:31.452 [Forwarding newSession on session null to remote] DEBUG io.netty.util.NetUtil - Failed to get SOMAXCONN from sysctl and file \proc\sys\net\core\somaxconn. Default: 200
07:54:31.452 [Forwarding newSession on session null to remote] DEBUG io.netty.channel.DefaultChannelId - -Dio.netty.machineId: 00:1c:42:ff:fe:5c:a4:7a (auto-detected)
07:54:31.515 [AsyncHttpClient-1-2] DEBUG io.netty.buffer.AbstractByteBuf - -Dio.netty.buffer.checkAccessible: true
07:54:31.515 [AsyncHttpClient-1-2] DEBUG io.netty.buffer.AbstractByteBuf - -Dio.netty.buffer.checkBounds: true
07:54:31.515 [AsyncHttpClient-1-2] DEBUG io.netty.util.ResourceLeakDetectorFactory - Loaded default ResourceLeakDetector: io.netty.util.ResourceLeakDetector@6ae0dd5
07:54:31.547 [AsyncHttpClient-1-2] DEBUG io.netty.util.Recycler - -Dio.netty.recycler.maxCapacityPerThread: 4096
07:54:31.547 [AsyncHttpClient-1-2] DEBUG io.netty.util.Recycler - -Dio.netty.recycler.ratio: 8
07:54:31.547 [AsyncHttpClient-1-2] DEBUG io.netty.util.Recycler - -Dio.netty.recycler.chunkSize: 32
07:54:31.547 [AsyncHttpClient-1-2] DEBUG io.netty.util.Recycler - -Dio.netty.recycler.blocking: false
07:54:31.547 [AsyncHttpClient-1-2] DEBUG io.netty.util.Recycler - -Dio.netty.recycler.batchFastThreadLocalOnly: true
07:54:32.371 [AsyncHttpClient-1-2] DEBUG io.netty.handler.codec.compression.Brotli - brotli4j not in the classpath; Brotli support will be unavailable.
07:54:32.575 [main] DEBUG io.netty.util.internal.ThreadLocalRandom - -Dio.netty.initialSeedUniquifier: 0xa1b0552e596ed925
07:54:35.559 [main] INFO  testCases.TC_001_AccountRegistrationTest - ******* starting TC_001_AccountRegistrationTest *******
07:54:35.621 [main] INFO  testCases.TC_001_AccountRegistrationTest - Clicking on MyAccount link
07:54:35.783 [main] INFO  testCases.TC_001_AccountRegistrationTest - Clicking on register link
07:54:36.683 [main] INFO  testCases.TC_001_AccountRegistrationTest - Providing customers details
07:54:38.658 [main] INFO  testCases.TC_001_AccountRegistrationTest - Registration successful...
07:54:38.676 [main] INFO  testCases.TC_001_AccountRegistrationTest - ******* Finished TC_001_AccountRegistrationTest *******
07:54:43.894 [main] INFO  testCases.TC_002_LoginTest - Starting TC_002_LoginTest.....
07:54:46.093 [main] INFO  testCases.TC_002_LoginTest - Finishing TC_002_LoginTest.....
